<?xml version="1.0" encoding="UTF-8"?>
<!-- Generated by org.testng.reporters.JUnitXMLReporter -->
<testsuite ignored="2" hostname="DESKTOP-QVM6J4J" failures="0" tests="3" name="Test" time="20.81" errors="0" timestamp="2023-05-12T09:26:10 IST">
  <testcase classname="com.Test.Test_1" name="verifyTest_tc001" time="0.382"/>
  <testcase classname="com.Test.Test_2" name="verifyTest_tc002" time="0.014"/>
  <testcase classname="com.Test.Test_3" name="verify_tc_003" time="0.008"/>
  <testcase classname="com.Utility.BaseClass" name="@BeforeSuite init" time="0.0">
    <ignored/>
  </testcase> <!-- @BeforeSuite init -->
  <testcase classname="com.Utility.BaseClass" name="@BeforeSuite init" time="0.0">
    <ignored/>
  </testcase> <!-- @BeforeSuite init -->
</testsuite> <!-- Test -->
