<?xml version="1.0" encoding="UTF-8"?>
<testng-results ignored="2" total="5" passed="3" failed="0" skipped="0">
  <reporter-output>
  </reporter-output>
  <suite started-at="2023-05-12T09:25:49 IST" name="Suite" finished-at="2023-05-12T09:26:10 IST" duration-ms="20810">
    <groups>
    </groups>
    <test started-at="2023-05-12T09:25:49 IST" name="Test" finished-at="2023-05-12T09:26:10 IST" duration-ms="20810">
      <class name="com.Test.Test_3">
        <test-method is-config="true" signature="setUp()[pri:0, instance:com.Test.Test_3@30e868be]" started-at="2023-05-12T09:26:05 IST" name="setUp" finished-at="2023-05-12T09:26:09 IST" duration-ms="4498" status="PASS">
          <reporter-output>
          </reporter-output>
        </test-method> <!-- setUp -->
        <test-method signature="verify_tc_003()[pri:0, instance:com.Test.Test_3@30e868be]" started-at="2023-05-12T09:26:09 IST" name="verify_tc_003" finished-at="2023-05-12T09:26:09 IST" duration-ms="8" status="PASS">
          <reporter-output>
          </reporter-output>
        </test-method> <!-- verify_tc_003 -->
        <test-method is-config="true" signature="tearDown()[pri:0, instance:com.Test.Test_3@30e868be]" started-at="2023-05-12T09:26:09 IST" name="tearDown" finished-at="2023-05-12T09:26:10 IST" duration-ms="780" status="PASS">
          <reporter-output>
          </reporter-output>
        </test-method> <!-- tearDown -->
      </class> <!-- com.Test.Test_3 -->
      <class name="com.Test.Test_2">
        <test-method is-config="true" signature="setUp()[pri:0, instance:com.Test.Test_2@38089a5a]" started-at="2023-05-12T09:25:58 IST" name="setUp" finished-at="2023-05-12T09:26:04 IST" duration-ms="5378" status="PASS">
          <reporter-output>
          </reporter-output>
        </test-method> <!-- setUp -->
        <test-method signature="verifyTest_tc002()[pri:0, instance:com.Test.Test_2@38089a5a]" started-at="2023-05-12T09:26:04 IST" name="verifyTest_tc002" finished-at="2023-05-12T09:26:04 IST" duration-ms="14" status="PASS">
          <reporter-output>
          </reporter-output>
        </test-method> <!-- verifyTest_tc002 -->
        <test-method is-config="true" signature="tearDown()[pri:0, instance:com.Test.Test_2@38089a5a]" started-at="2023-05-12T09:26:04 IST" name="tearDown" finished-at="2023-05-12T09:26:05 IST" duration-ms="822" status="PASS">
          <reporter-output>
          </reporter-output>
        </test-method> <!-- tearDown -->
      </class> <!-- com.Test.Test_2 -->
      <class name="com.Test.Test_1">
        <test-method is-config="true" signature="init()[pri:0, instance:com.Test.Test_1@5d066c7d]" started-at="2023-05-12T09:25:49 IST" name="init" finished-at="2023-05-12T09:25:49 IST" duration-ms="668" status="PASS">
          <reporter-output>
          </reporter-output>
        </test-method> <!-- init -->
        <test-method is-config="true" signature="setUp()[pri:0, instance:com.Test.Test_1@5d066c7d]" started-at="2023-05-12T09:25:49 IST" name="setUp" finished-at="2023-05-12T09:25:56 IST" duration-ms="6460" status="PASS">
          <reporter-output>
          </reporter-output>
        </test-method> <!-- setUp -->
        <test-method signature="verifyTest_tc001()[pri:0, instance:com.Test.Test_1@5d066c7d]" started-at="2023-05-12T09:25:56 IST" name="verifyTest_tc001" finished-at="2023-05-12T09:25:56 IST" duration-ms="382" status="PASS">
          <reporter-output>
          </reporter-output>
        </test-method> <!-- verifyTest_tc001 -->
        <test-method is-config="true" signature="tearDown()[pri:0, instance:com.Test.Test_1@5d066c7d]" started-at="2023-05-12T09:25:57 IST" name="tearDown" finished-at="2023-05-12T09:25:58 IST" duration-ms="869" status="PASS">
          <reporter-output>
          </reporter-output>
        </test-method> <!-- tearDown -->
      </class> <!-- com.Test.Test_1 -->
    </test> <!-- Test -->
  </suite> <!-- Suite -->
</testng-results>
